#-----------------------------------------------------------
# Vivado v2020.2 (64-bit)
# SW Build 3064766 on Wed Nov 18 09:12:45 MST 2020
# IP Build 3064653 on Wed Nov 18 14:17:31 MST 2020
# Start of session at: Sat May 21 21:06:16 2022
# Process ID: 6944
# Current directory: D:/FACULTATE/semestrul 4/CID/ANTRENAMENT/preg_test2_01
# Command line: vivado.exe -gui_launcher_event rodinguilauncherevent1760 D:\FACULTATE\semestrul 4\CID\ANTRENAMENT\preg_test2_01\preg_test2_01.xpr
# Log file: D:/FACULTATE/semestrul 4/CID/ANTRENAMENT/preg_test2_01/vivado.log
# Journal file: D:/FACULTATE/semestrul 4/CID/ANTRENAMENT/preg_test2_01\vivado.jou
#-----------------------------------------------------------
start_gui
open_project {D:/FACULTATE/semestrul 4/CID/ANTRENAMENT/preg_test2_01/preg_test2_01.xpr}
WARNING: [filemgmt 56-3] Default IP Output Path : Could not find the directory 'D:/FACULTATE/semestrul 4/CID/ANTRENAMENT/preg_test2_01/preg_test2_01.gen/sources_1'.
Scanning sources...
Finished scanning sources
INFO: [IP_Flow 19-234] Refreshing IP repositories
INFO: [IP_Flow 19-1704] No user IP repositories specified
INFO: [IP_Flow 19-2313] Loaded Vivado IP repository 'C:/Xilinx/Vivado/2020.2/data/ip'.
update_compile_order -fileset sources_1
exit
INFO: [Common 17-206] Exiting Vivado at Sat May 21 21:06:48 2022...
